<?xml version="1.0" encoding="UTF-8"?>
<!-- Generated by org.testng.reporters.JUnitReportReporter -->
<testsuite skipped="0" hostname="INTELLI-NL0043" name="TestScripts.LoginTest" tests="5" failures="0" timestamp="2021-11-13T23:10:15 IST" time="43.734" errors="0">
  <testcase name="testBlankEmailandPasswordLogin" time="7.150" classname="TestScripts.LoginTest"/>
  <system-out/>
  <testcase name="testBlankEmailLogin" time="7.011" classname="TestScripts.LoginTest"/>
  <system-out/>
  <testcase name="testBlankPasswordLogin" time="6.831" classname="TestScripts.LoginTest"/>
  <system-out/>
  <testcase name="testInvalidEmailandPasswordLogin" time="13.269" classname="TestScripts.LoginTest"/>
  <system-out/>
  <testcase name="testValidLogin" time="9.473" classname="TestScripts.LoginTest"/>
  <system-out/>
</testsuite> <!-- TestScripts.LoginTest -->
